Determining if the pthread_create exist failed with the following output:
Change Dir: /home/rougemont/Documents/teaching/progCpp/2017/slides/code/ExampleProject/SimpleProject/build/CMakeFiles/CMakeTmp

Run Build Command:"/usr/bin/gmake" "cmTC_30205/fast"
/usr/bin/gmake -f CMakeFiles/cmTC_30205.dir/build.make CMakeFiles/cmTC_30205.dir/build
gmake[1]: Entering directory `/home/rougemont/Documents/teaching/progCpp/2017/slides/code/ExampleProject/SimpleProject/build/CMakeFiles/CMakeTmp'
Building C object CMakeFiles/cmTC_30205.dir/CheckSymbolExists.c.o
/usr/bin/cc     -o CMakeFiles/cmTC_30205.dir/CheckSymbolExists.c.o   -c /home/rougemont/Documents/teaching/progCpp/2017/slides/code/ExampleProject/SimpleProject/build/CMakeFiles/CMakeTmp/CheckSymbolExists.c
Linking C executable cmTC_30205
/usr/bin/cmake3 -E cmake_link_script CMakeFiles/cmTC_30205.dir/link.txt --verbose=1
/usr/bin/cc       CMakeFiles/cmTC_30205.dir/CheckSymbolExists.c.o  -o cmTC_30205 -rdynamic 
CMakeFiles/cmTC_30205.dir/CheckSymbolExists.c.o: In function `main':
CheckSymbolExists.c:(.text+0x16): undefined reference to `pthread_create'
collect2: error: ld returned 1 exit status
gmake[1]: *** [cmTC_30205] Error 1
gmake[1]: Leaving directory `/home/rougemont/Documents/teaching/progCpp/2017/slides/code/ExampleProject/SimpleProject/build/CMakeFiles/CMakeTmp'
gmake: *** [cmTC_30205/fast] Error 2

File /home/rougemont/Documents/teaching/progCpp/2017/slides/code/ExampleProject/SimpleProject/build/CMakeFiles/CMakeTmp/CheckSymbolExists.c:
/* */
#include <pthread.h>

int main(int argc, char** argv)
{
  (void)argv;
#ifndef pthread_create
  return ((int*)(&pthread_create))[argc];
#else
  (void)argc;
  return 0;
#endif
}

Determining if the function pthread_create exists in the pthreads failed with the following output:
Change Dir: /home/rougemont/Documents/teaching/progCpp/2017/slides/code/ExampleProject/SimpleProject/build/CMakeFiles/CMakeTmp

Run Build Command:"/usr/bin/gmake" "cmTC_d383d/fast"
/usr/bin/gmake -f CMakeFiles/cmTC_d383d.dir/build.make CMakeFiles/cmTC_d383d.dir/build
gmake[1]: Entering directory `/home/rougemont/Documents/teaching/progCpp/2017/slides/code/ExampleProject/SimpleProject/build/CMakeFiles/CMakeTmp'
Building C object CMakeFiles/cmTC_d383d.dir/CheckFunctionExists.c.o
/usr/bin/cc    -DCHECK_FUNCTION_EXISTS=pthread_create   -o CMakeFiles/cmTC_d383d.dir/CheckFunctionExists.c.o   -c /usr/share/cmake3/Modules/CheckFunctionExists.c
Linking C executable cmTC_d383d
/usr/bin/cmake3 -E cmake_link_script CMakeFiles/cmTC_d383d.dir/link.txt --verbose=1
/usr/bin/cc   -DCHECK_FUNCTION_EXISTS=pthread_create    CMakeFiles/cmTC_d383d.dir/CheckFunctionExists.c.o  -o cmTC_d383d -rdynamic -lpthreads 
/usr/bin/ld: cannot find -lpthreads
collect2: error: ld returned 1 exit status
gmake[1]: *** [cmTC_d383d] Error 1
gmake[1]: Leaving directory `/home/rougemont/Documents/teaching/progCpp/2017/slides/code/ExampleProject/SimpleProject/build/CMakeFiles/CMakeTmp'
gmake: *** [cmTC_d383d/fast] Error 2


